

================================================================
== Vivado HLS Report for 'load_and_rearrange_q'
================================================================
* Date:           Tue Nov 11 11:22:27 2025

* Version:        2019.2 (Build 2704478 on Wed Nov 06 22:10:23 MST 2019)
* Project:        flash_attention_proj
* Solution:       solution1
* Product family: zynq
* Target device:  xc7z020-clg484-1


================================================================
== Performance Estimates
================================================================
+ Timing: 
    * Summary: 
    +--------+----------+----------+------------+
    |  Clock |  Target  | Estimated| Uncertainty|
    +--------+----------+----------+------------+
    |ap_clk  | 10.00 ns | 6.508 ns |   1.25 ns  |
    +--------+----------+----------+------------+

+ Latency: 
    * Summary: 
    +---------+---------+-----------+-----------+------+------+---------+
    |  Latency (cycles) |   Latency (absolute)  |   Interval  | Pipeline|
    |   min   |   max   |    min    |    max    |  min |  max |   Type  |
    +---------+---------+-----------+-----------+------+------+---------+
    |     6147|     6147| 61.470 us | 61.470 us |  6147|  6147|   none  |
    +---------+---------+-----------+-----------+------+------+---------+

    + Detail: 
        * Instance: 
        N/A

        * Loop: 
        +----------+---------+---------+----------+-----------+-----------+------+----------+
        |          |  Latency (cycles) | Iteration|  Initiation Interval  | Trip |          |
        | Loop Name|   min   |   max   |  Latency |  achieved |   target  | Count| Pipelined|
        +----------+---------+---------+----------+-----------+-----------+------+----------+
        |- Loop 1  |     6145|     6145|        98|         96|          1|    64|    yes   |
        +----------+---------+---------+----------+-----------+-----------+------+----------+



================================================================
== Utilization Estimates
================================================================
* Summary: 
+-----------------+---------+-------+--------+-------+-----+
|       Name      | BRAM_18K| DSP48E|   FF   |  LUT  | URAM|
+-----------------+---------+-------+--------+-------+-----+
|DSP              |        -|      -|       -|      -|    -|
|Expression       |        -|      -|       0|   4014|    -|
|FIFO             |        -|      -|       -|      -|    -|
|Instance         |        -|      -|       -|      -|    -|
|Memory           |        -|      -|       -|      -|    -|
|Multiplexer      |        -|      -|       -|   2414|    -|
|Register         |        -|      -|     282|      -|    -|
+-----------------+---------+-------+--------+-------+-----+
|Total            |        0|      0|     282|   6428|    0|
+-----------------+---------+-------+--------+-------+-----+
|Available        |      280|    220|  106400|  53200|    0|
+-----------------+---------+-------+--------+-------+-----+
|Utilization (%)  |        0|      0|   ~0   |     12|    0|
+-----------------+---------+-------+--------+-------+-----+

+ Detail: 
    * Instance: 
    N/A

    * DSP48E: 
    N/A

    * Memory: 
    N/A

    * FIFO: 
    N/A

    * Expression: 
    +--------------------------+----------+-------+---+----+------------+------------+
    |       Variable Name      | Operation| DSP48E| FF| LUT| Bitwidth P0| Bitwidth P1|
    +--------------------------+----------+-------+---+----+------------+------------+
    |add_ln36_fu_3780_p2       |     +    |      0|  0|  15|           1|           7|
    |add_ln40_100_fu_6357_p2   |     +    |      0|  0|  21|           8|          15|
    |add_ln40_101_fu_6371_p2   |     +    |      0|  0|  21|           8|          15|
    |add_ln40_102_fu_6385_p2   |     +    |      0|  0|  21|           8|          15|
    |add_ln40_103_fu_6399_p2   |     +    |      0|  0|  21|           8|          15|
    |add_ln40_104_fu_6413_p2   |     +    |      0|  0|  21|           8|          15|
    |add_ln40_105_fu_6427_p2   |     +    |      0|  0|  21|           8|          15|
    |add_ln40_106_fu_6441_p2   |     +    |      0|  0|  21|           8|          15|
    |add_ln40_107_fu_6455_p2   |     +    |      0|  0|  21|           8|          15|
    |add_ln40_108_fu_6469_p2   |     +    |      0|  0|  21|           8|          15|
    |add_ln40_109_fu_6483_p2   |     +    |      0|  0|  21|           8|          15|
    |add_ln40_10_fu_5097_p2    |     +    |      0|  0|  21|           7|          15|
    |add_ln40_110_fu_6497_p2   |     +    |      0|  0|  21|           8|          15|
    |add_ln40_111_fu_6511_p2   |     +    |      0|  0|  21|           8|          15|
    |add_ln40_112_fu_6525_p2   |     +    |      0|  0|  21|           8|          15|
    |add_ln40_113_fu_6539_p2   |     +    |      0|  0|  21|           8|          15|
    |add_ln40_114_fu_6553_p2   |     +    |      0|  0|  21|           8|          15|
    |add_ln40_115_fu_6567_p2   |     +    |      0|  0|  21|           8|          15|
    |add_ln40_116_fu_6581_p2   |     +    |      0|  0|  21|           8|          15|
    |add_ln40_117_fu_6595_p2   |     +    |      0|  0|  21|           8|          15|
    |add_ln40_118_fu_6609_p2   |     +    |      0|  0|  21|           8|          15|
    |add_ln40_119_fu_6623_p2   |     +    |      0|  0|  21|           8|          15|
    |add_ln40_11_fu_5111_p2    |     +    |      0|  0|  21|           7|          15|
    |add_ln40_120_fu_6637_p2   |     +    |      0|  0|  21|           8|          15|
    |add_ln40_121_fu_6651_p2   |     +    |      0|  0|  21|           8|          15|
    |add_ln40_122_fu_6665_p2   |     +    |      0|  0|  21|           8|          15|
    |add_ln40_123_fu_6679_p2   |     +    |      0|  0|  21|           8|          15|
    |add_ln40_124_fu_6693_p2   |     +    |      0|  0|  21|           8|          15|
    |add_ln40_125_fu_6707_p2   |     +    |      0|  0|  21|           8|          15|
    |add_ln40_126_fu_6721_p2   |     +    |      0|  0|  21|           8|          15|
    |add_ln40_127_fu_6740_p2   |     +    |      0|  0|  21|           8|          15|
    |add_ln40_128_fu_6754_p2   |     +    |      0|  0|  21|           8|          15|
    |add_ln40_12_fu_5125_p2    |     +    |      0|  0|  21|           7|          15|
    |add_ln40_13_fu_5139_p2    |     +    |      0|  0|  21|           7|          15|
    |add_ln40_14_fu_5153_p2    |     +    |      0|  0|  21|           7|          15|
    |add_ln40_15_fu_5167_p2    |     +    |      0|  0|  21|           7|          15|
    |add_ln40_16_fu_5181_p2    |     +    |      0|  0|  21|           7|          15|
    |add_ln40_17_fu_5195_p2    |     +    |      0|  0|  21|           7|          15|
    |add_ln40_18_fu_5209_p2    |     +    |      0|  0|  21|           7|          15|
    |add_ln40_19_fu_5223_p2    |     +    |      0|  0|  21|           7|          15|
    |add_ln40_1_fu_4971_p2     |     +    |      0|  0|  21|           7|          15|
    |add_ln40_20_fu_5237_p2    |     +    |      0|  0|  21|           7|          15|
    |add_ln40_21_fu_5251_p2    |     +    |      0|  0|  21|           7|          15|
    |add_ln40_22_fu_5265_p2    |     +    |      0|  0|  21|           7|          15|
    |add_ln40_23_fu_5279_p2    |     +    |      0|  0|  21|           7|          15|
    |add_ln40_24_fu_5293_p2    |     +    |      0|  0|  21|           7|          15|
    |add_ln40_25_fu_5307_p2    |     +    |      0|  0|  21|           7|          15|
    |add_ln40_26_fu_5321_p2    |     +    |      0|  0|  21|           7|          15|
    |add_ln40_27_fu_5335_p2    |     +    |      0|  0|  21|           7|          15|
    |add_ln40_28_fu_5349_p2    |     +    |      0|  0|  21|           7|          15|
    |add_ln40_29_fu_5363_p2    |     +    |      0|  0|  21|           7|          15|
    |add_ln40_2_fu_4985_p2     |     +    |      0|  0|  21|           7|          15|
    |add_ln40_30_fu_5377_p2    |     +    |      0|  0|  21|           7|          15|
    |add_ln40_31_fu_5391_p2    |     +    |      0|  0|  21|           7|          15|
    |add_ln40_32_fu_5405_p2    |     +    |      0|  0|  21|           7|          15|
    |add_ln40_33_fu_5419_p2    |     +    |      0|  0|  21|           7|          15|
    |add_ln40_34_fu_5433_p2    |     +    |      0|  0|  21|           7|          15|
    |add_ln40_35_fu_5447_p2    |     +    |      0|  0|  21|           7|          15|
    |add_ln40_36_fu_5461_p2    |     +    |      0|  0|  21|           7|          15|
    |add_ln40_37_fu_5475_p2    |     +    |      0|  0|  21|           7|          15|
    |add_ln40_38_fu_5489_p2    |     +    |      0|  0|  21|           7|          15|
    |add_ln40_39_fu_5503_p2    |     +    |      0|  0|  21|           7|          15|
    |add_ln40_3_fu_4999_p2     |     +    |      0|  0|  21|           7|          15|
    |add_ln40_40_fu_5517_p2    |     +    |      0|  0|  21|           7|          15|
    |add_ln40_41_fu_5531_p2    |     +    |      0|  0|  21|           7|          15|
    |add_ln40_42_fu_5545_p2    |     +    |      0|  0|  21|           7|          15|
    |add_ln40_43_fu_5559_p2    |     +    |      0|  0|  21|           7|          15|
    |add_ln40_44_fu_5573_p2    |     +    |      0|  0|  21|           7|          15|
    |add_ln40_45_fu_5587_p2    |     +    |      0|  0|  21|           7|          15|
    |add_ln40_46_fu_5601_p2    |     +    |      0|  0|  21|           7|          15|
    |add_ln40_47_fu_5615_p2    |     +    |      0|  0|  21|           7|          15|
    |add_ln40_48_fu_5629_p2    |     +    |      0|  0|  21|           7|          15|
    |add_ln40_49_fu_5643_p2    |     +    |      0|  0|  21|           7|          15|
    |add_ln40_4_fu_5013_p2     |     +    |      0|  0|  21|           7|          15|
    |add_ln40_50_fu_5657_p2    |     +    |      0|  0|  21|           7|          15|
    |add_ln40_51_fu_5671_p2    |     +    |      0|  0|  21|           7|          15|
    |add_ln40_52_fu_5685_p2    |     +    |      0|  0|  21|           7|          15|
    |add_ln40_53_fu_5699_p2    |     +    |      0|  0|  21|           7|          15|
    |add_ln40_54_fu_5713_p2    |     +    |      0|  0|  21|           7|          15|
    |add_ln40_55_fu_5727_p2    |     +    |      0|  0|  21|           7|          15|
    |add_ln40_56_fu_5741_p2    |     +    |      0|  0|  21|           7|          15|
    |add_ln40_57_fu_5755_p2    |     +    |      0|  0|  21|           7|          15|
    |add_ln40_58_fu_5769_p2    |     +    |      0|  0|  21|           7|          15|
    |add_ln40_59_fu_5783_p2    |     +    |      0|  0|  21|           7|          15|
    |add_ln40_5_fu_5027_p2     |     +    |      0|  0|  21|           7|          15|
    |add_ln40_60_fu_5797_p2    |     +    |      0|  0|  21|           7|          15|
    |add_ln40_61_fu_5811_p2    |     +    |      0|  0|  21|           7|          15|
    |add_ln40_62_fu_5825_p2    |     +    |      0|  0|  21|           7|          15|
    |add_ln40_63_fu_5839_p2    |     +    |      0|  0|  21|           7|          15|
    |add_ln40_64_fu_5853_p2    |     +    |      0|  0|  21|           7|          15|
    |add_ln40_65_fu_5867_p2    |     +    |      0|  0|  21|           8|          15|
    |add_ln40_66_fu_5881_p2    |     +    |      0|  0|  21|           8|          15|
    |add_ln40_67_fu_5895_p2    |     +    |      0|  0|  21|           8|          15|
    |add_ln40_68_fu_5909_p2    |     +    |      0|  0|  21|           8|          15|
    |add_ln40_69_fu_5923_p2    |     +    |      0|  0|  21|           8|          15|
    |add_ln40_6_fu_5041_p2     |     +    |      0|  0|  21|           7|          15|
    |add_ln40_70_fu_5937_p2    |     +    |      0|  0|  21|           8|          15|
    |add_ln40_71_fu_5951_p2    |     +    |      0|  0|  21|           8|          15|
    |add_ln40_72_fu_5965_p2    |     +    |      0|  0|  21|           8|          15|
    |add_ln40_73_fu_5979_p2    |     +    |      0|  0|  21|           8|          15|
    |add_ln40_74_fu_5993_p2    |     +    |      0|  0|  21|           8|          15|
    |add_ln40_75_fu_6007_p2    |     +    |      0|  0|  21|           8|          15|
    |add_ln40_76_fu_6021_p2    |     +    |      0|  0|  21|           8|          15|
    |add_ln40_77_fu_6035_p2    |     +    |      0|  0|  21|           8|          15|
    |add_ln40_78_fu_6049_p2    |     +    |      0|  0|  21|           8|          15|
    |add_ln40_79_fu_6063_p2    |     +    |      0|  0|  21|           8|          15|
    |add_ln40_7_fu_5055_p2     |     +    |      0|  0|  21|           7|          15|
    |add_ln40_80_fu_6077_p2    |     +    |      0|  0|  21|           8|          15|
    |add_ln40_81_fu_6091_p2    |     +    |      0|  0|  21|           8|          15|
    |add_ln40_82_fu_6105_p2    |     +    |      0|  0|  21|           8|          15|
    |add_ln40_83_fu_6119_p2    |     +    |      0|  0|  21|           8|          15|
    |add_ln40_84_fu_6133_p2    |     +    |      0|  0|  21|           8|          15|
    |add_ln40_85_fu_6147_p2    |     +    |      0|  0|  21|           8|          15|
    |add_ln40_86_fu_6161_p2    |     +    |      0|  0|  21|           8|          15|
    |add_ln40_87_fu_6175_p2    |     +    |      0|  0|  21|           8|          15|
    |add_ln40_88_fu_6189_p2    |     +    |      0|  0|  21|           8|          15|
    |add_ln40_89_fu_6203_p2    |     +    |      0|  0|  21|           8|          15|
    |add_ln40_8_fu_5069_p2     |     +    |      0|  0|  21|           7|          15|
    |add_ln40_90_fu_6217_p2    |     +    |      0|  0|  21|           8|          15|
    |add_ln40_91_fu_6231_p2    |     +    |      0|  0|  21|           8|          15|
    |add_ln40_92_fu_6245_p2    |     +    |      0|  0|  21|           8|          15|
    |add_ln40_93_fu_6259_p2    |     +    |      0|  0|  21|           8|          15|
    |add_ln40_94_fu_6273_p2    |     +    |      0|  0|  21|           8|          15|
    |add_ln40_95_fu_6287_p2    |     +    |      0|  0|  21|           8|          15|
    |add_ln40_96_fu_6301_p2    |     +    |      0|  0|  21|           8|          15|
    |add_ln40_97_fu_6315_p2    |     +    |      0|  0|  21|           8|          15|
    |add_ln40_98_fu_6329_p2    |     +    |      0|  0|  21|           8|          15|
    |add_ln40_99_fu_6343_p2    |     +    |      0|  0|  21|           8|          15|
    |add_ln40_9_fu_5083_p2     |     +    |      0|  0|  21|           7|          15|
    |add_ln40_fu_3894_p2       |     +    |      0|  0|  21|          15|          15|
    |add_ln52_fu_3933_p2       |     +    |      0|  0|  15|           8|           8|
    |b_fu_3786_p2              |     +    |      0|  0|  12|           1|           3|
    |t_fu_6735_p2              |     +    |      0|  0|  15|           1|           5|
    |sub_ln40_1_fu_3884_p2     |     -    |      0|  0|  17|          13|          13|
    |sub_ln40_2_fu_3834_p2     |     -    |      0|  0|  21|          15|          15|
    |sub_ln40_fu_3768_p2       |     -    |      0|  0|  21|          15|          15|
    |icmp_ln36_fu_3774_p2      |   icmp   |      0|  0|  11|           7|           8|
    |icmp_ln37_fu_3792_p2      |   icmp   |      0|  0|  11|           5|           6|
    |or_ln40_10_fu_4169_p2     |    or    |      0|  0|  15|           4|          15|
    |or_ln40_11_fu_4203_p2     |    or    |      0|  0|  15|           4|          15|
    |or_ln40_12_fu_4217_p2     |    or    |      0|  0|  15|           4|          15|
    |or_ln40_13_fu_4251_p2     |    or    |      0|  0|  15|           4|          15|
    |or_ln40_14_fu_4265_p2     |    or    |      0|  0|  15|           4|          15|
    |or_ln40_15_fu_4299_p2     |    or    |      0|  0|  15|           5|          15|
    |or_ln40_16_fu_4313_p2     |    or    |      0|  0|  15|           5|          15|
    |or_ln40_17_fu_4327_p2     |    or    |      0|  0|  15|           5|          15|
    |or_ln40_18_fu_4341_p2     |    or    |      0|  0|  15|           5|          15|
    |or_ln40_19_fu_4355_p2     |    or    |      0|  0|  15|           5|          15|
    |or_ln40_1_fu_3963_p2      |    or    |      0|  0|  15|           2|          15|
    |or_ln40_20_fu_4369_p2     |    or    |      0|  0|  15|           5|          15|
    |or_ln40_21_fu_4383_p2     |    or    |      0|  0|  15|           5|          15|
    |or_ln40_22_fu_4397_p2     |    or    |      0|  0|  15|           5|          15|
    |or_ln40_23_fu_4411_p2     |    or    |      0|  0|  15|           5|          15|
    |or_ln40_24_fu_4425_p2     |    or    |      0|  0|  15|           5|          15|
    |or_ln40_25_fu_4439_p2     |    or    |      0|  0|  15|           5|          15|
    |or_ln40_26_fu_4453_p2     |    or    |      0|  0|  15|           5|          15|
    |or_ln40_27_fu_4467_p2     |    or    |      0|  0|  15|           5|          15|
    |or_ln40_28_fu_4481_p2     |    or    |      0|  0|  15|           5|          15|
    |or_ln40_29_fu_4495_p2     |    or    |      0|  0|  15|           5|          15|
    |or_ln40_2_fu_3977_p2      |    or    |      0|  0|  15|           2|          15|
    |or_ln40_30_fu_4509_p2     |    or    |      0|  0|  15|           5|          15|
    |or_ln40_31_fu_4523_p2     |    or    |      0|  0|  15|           6|          15|
    |or_ln40_32_fu_4537_p2     |    or    |      0|  0|  15|           6|          15|
    |or_ln40_33_fu_4551_p2     |    or    |      0|  0|  15|           6|          15|
    |or_ln40_34_fu_4565_p2     |    or    |      0|  0|  15|           6|          15|
    |or_ln40_35_fu_4579_p2     |    or    |      0|  0|  15|           6|          15|
    |or_ln40_36_fu_4593_p2     |    or    |      0|  0|  15|           6|          15|
    |or_ln40_37_fu_4607_p2     |    or    |      0|  0|  15|           6|          15|
    |or_ln40_38_fu_4621_p2     |    or    |      0|  0|  15|           6|          15|
    |or_ln40_39_fu_4635_p2     |    or    |      0|  0|  15|           6|          15|
    |or_ln40_3_fu_4011_p2      |    or    |      0|  0|  15|           3|          15|
    |or_ln40_40_fu_4649_p2     |    or    |      0|  0|  15|           6|          15|
    |or_ln40_41_fu_4663_p2     |    or    |      0|  0|  15|           6|          15|
    |or_ln40_42_fu_4677_p2     |    or    |      0|  0|  15|           6|          15|
    |or_ln40_43_fu_4691_p2     |    or    |      0|  0|  15|           6|          15|
    |or_ln40_44_fu_4705_p2     |    or    |      0|  0|  15|           6|          15|
    |or_ln40_45_fu_4719_p2     |    or    |      0|  0|  15|           6|          15|
    |or_ln40_46_fu_4733_p2     |    or    |      0|  0|  15|           6|          15|
    |or_ln40_47_fu_4747_p2     |    or    |      0|  0|  15|           6|          15|
    |or_ln40_48_fu_4761_p2     |    or    |      0|  0|  15|           6|          15|
    |or_ln40_49_fu_4775_p2     |    or    |      0|  0|  15|           6|          15|
    |or_ln40_4_fu_4025_p2      |    or    |      0|  0|  15|           3|          15|
    |or_ln40_50_fu_4789_p2     |    or    |      0|  0|  15|           6|          15|
    |or_ln40_51_fu_4803_p2     |    or    |      0|  0|  15|           6|          15|
    |or_ln40_52_fu_4817_p2     |    or    |      0|  0|  15|           6|          15|
    |or_ln40_53_fu_4831_p2     |    or    |      0|  0|  15|           6|          15|
    |or_ln40_54_fu_4845_p2     |    or    |      0|  0|  15|           6|          15|
    |or_ln40_55_fu_4859_p2     |    or    |      0|  0|  15|           6|          15|
    |or_ln40_56_fu_4873_p2     |    or    |      0|  0|  15|           6|          15|
    |or_ln40_57_fu_4887_p2     |    or    |      0|  0|  15|           6|          15|
    |or_ln40_58_fu_4901_p2     |    or    |      0|  0|  15|           6|          15|
    |or_ln40_59_fu_4915_p2     |    or    |      0|  0|  15|           6|          15|
    |or_ln40_5_fu_4059_p2      |    or    |      0|  0|  15|           3|          15|
    |or_ln40_60_fu_4929_p2     |    or    |      0|  0|  15|           6|          15|
    |or_ln40_61_fu_4943_p2     |    or    |      0|  0|  15|           6|          15|
    |or_ln40_62_fu_4957_p2     |    or    |      0|  0|  15|           6|          15|
    |or_ln40_6_fu_4073_p2      |    or    |      0|  0|  15|           3|          15|
    |or_ln40_7_fu_4107_p2      |    or    |      0|  0|  15|           4|          15|
    |or_ln40_8_fu_4121_p2      |    or    |      0|  0|  15|           4|          15|
    |or_ln40_9_fu_4155_p2      |    or    |      0|  0|  15|           4|          15|
    |or_ln40_fu_3908_p2        |    or    |      0|  0|  32|          32|           1|
    |or_ln52_10_fu_4193_p2     |    or    |      0|  0|  12|          12|           4|
    |or_ln52_11_fu_4231_p2     |    or    |      0|  0|  12|          12|           4|
    |or_ln52_12_fu_4241_p2     |    or    |      0|  0|  12|          12|           4|
    |or_ln52_13_fu_4279_p2     |    or    |      0|  0|  12|          12|           4|
    |or_ln52_14_fu_4289_p2     |    or    |      0|  0|  12|          12|           4|
    |or_ln52_1_fu_3991_p2      |    or    |      0|  0|  12|          12|           2|
    |or_ln52_2_fu_4001_p2      |    or    |      0|  0|  12|          12|           2|
    |or_ln52_3_fu_4039_p2      |    or    |      0|  0|  12|          12|           3|
    |or_ln52_4_fu_4049_p2      |    or    |      0|  0|  12|          12|           3|
    |or_ln52_5_fu_4087_p2      |    or    |      0|  0|  12|          12|           3|
    |or_ln52_6_fu_4097_p2      |    or    |      0|  0|  12|          12|           3|
    |or_ln52_7_fu_4135_p2      |    or    |      0|  0|  12|          12|           4|
    |or_ln52_8_fu_4145_p2      |    or    |      0|  0|  12|          12|           4|
    |or_ln52_9_fu_4183_p2      |    or    |      0|  0|  12|          12|           4|
    |or_ln52_fu_3952_p2        |    or    |      0|  0|  12|          12|           1|
    |select_ln36_1_fu_3840_p3  |  select  |      0|  0|  15|           1|          15|
    |select_ln36_2_fu_3848_p3  |  select  |      0|  0|   3|           1|           3|
    |select_ln36_fu_3798_p3    |  select  |      0|  0|   5|           1|           1|
    |ap_enable_pp0             |    xor   |      0|  0|   2|           1|           2|
    +--------------------------+----------+-------+---+----+------------+------------+
    |Total                     |          |      0|  0|4014|        1577|        3016|
    +--------------------------+----------+-------+---+----+------------+------------+

    * Multiplexer: 
    +------------------------------------------+-----+-----------+-----+-----------+
    |                   Name                   | LUT | Input Size| Bits| Total Bits|
    +------------------------------------------+-----+-----------+-----+-----------+
    |K_0_address0                              |   44|          9|   10|         90|
    |K_0_address1                              |   44|          9|   10|         90|
    |K_1_address0                              |   44|          9|   10|         90|
    |K_1_address1                              |   44|          9|   10|         90|
    |K_2_address0                              |   44|          9|   10|         90|
    |K_2_address1                              |   44|          9|   10|         90|
    |K_3_address0                              |   44|          9|   10|         90|
    |K_3_address1                              |   44|          9|   10|         90|
    |Q_0_address0                              |   44|          9|   10|         90|
    |Q_0_address1                              |   44|          9|   10|         90|
    |Q_1_address0                              |   44|          9|   10|         90|
    |Q_1_address1                              |   44|          9|   10|         90|
    |Q_2_address0                              |   44|          9|   10|         90|
    |Q_2_address1                              |   44|          9|   10|         90|
    |Q_3_address0                              |   44|          9|   10|         90|
    |Q_3_address1                              |   44|          9|   10|         90|
    |V_0_address0                              |   44|          9|   10|         90|
    |V_0_address1                              |   44|          9|   10|         90|
    |V_1_address0                              |   44|          9|   10|         90|
    |V_1_address1                              |   44|          9|   10|         90|
    |V_2_address0                              |   44|          9|   10|         90|
    |V_2_address1                              |   44|          9|   10|         90|
    |V_3_address0                              |   44|          9|   10|         90|
    |V_3_address1                              |   44|          9|   10|         90|
    |ap_NS_fsm                                 |  437|         99|    1|         99|
    |ap_enable_reg_pp0_iter1                   |    9|          2|    1|          2|
    |ap_phi_mux_b_0_phi_fu_3722_p4             |    9|          2|    3|          6|
    |ap_phi_mux_indvar_flatten_phi_fu_3711_p4  |    9|          2|    7|         14|
    |ap_phi_mux_t_0_phi_fu_3733_p4             |    9|          2|    5|         10|
    |b_0_reg_3718                              |    9|          2|    3|          6|
    |indvar_flatten_reg_3707                   |    9|          2|    7|         14|
    |input_data_address0                       |  429|         97|   14|       1358|
    |input_data_address1                       |  429|         97|   14|       1358|
    |t_0_reg_3729                              |    9|          2|    5|         10|
    +------------------------------------------+-----+-----------+-----+-----------+
    |Total                                     | 2414|        523|  300|       5037|
    +------------------------------------------+-----+-----------+-----+-----------+

    * Register: 
    +----------------------------------+----+----+-----+-----------+
    |               Name               | FF | LUT| Bits| Const Bits|
    +----------------------------------+----+----+-----+-----------+
    |add_ln36_reg_6772                 |   7|   0|    7|          0|
    |add_ln40_reg_6789                 |   9|   0|   15|          6|
    |ap_CS_fsm                         |  98|   0|   98|          0|
    |ap_enable_reg_pp0_iter0           |   1|   0|    1|          0|
    |ap_enable_reg_pp0_iter1           |   1|   0|    1|          0|
    |b_0_reg_3718                      |   3|   0|    3|          0|
    |icmp_ln36_reg_6768                |   1|   0|    1|          0|
    |icmp_ln36_reg_6768_pp0_iter1_reg  |   1|   0|    1|          0|
    |indvar_flatten_reg_3707           |   7|   0|    7|          0|
    |select_ln36_2_reg_6783            |   3|   0|    3|          0|
    |select_ln36_reg_6777              |   5|   0|    5|          0|
    |t_0_reg_3729                      |   5|   0|    5|          0|
    |t_reg_8192                        |   5|   0|    5|          0|
    |tmp_18_reg_6994                   |   8|   0|   12|          4|
    |zext_ln52_10_reg_7187             |   8|   0|   64|         56|
    |zext_ln52_11_reg_7212             |   8|   0|   64|         56|
    |zext_ln52_12_reg_7227             |   8|   0|   64|         56|
    |zext_ln52_13_reg_7252             |   8|   0|   64|         56|
    |zext_ln52_14_reg_7267             |   8|   0|   64|         56|
    |zext_ln52_15_reg_7292             |   8|   0|   64|         56|
    |zext_ln52_16_reg_7307             |   8|   0|   64|         56|
    |zext_ln52_1_reg_7012              |   8|   0|   64|         56|
    |zext_ln52_2_reg_7027              |   8|   0|   64|         56|
    |zext_ln52_3_reg_7052              |   8|   0|   64|         56|
    |zext_ln52_4_reg_7067              |   8|   0|   64|         56|
    |zext_ln52_5_reg_7092              |   8|   0|   64|         56|
    |zext_ln52_6_reg_7107              |   8|   0|   64|         56|
    |zext_ln52_7_reg_7132              |   8|   0|   64|         56|
    |zext_ln52_8_reg_7147              |   8|   0|   64|         56|
    |zext_ln52_9_reg_7172              |   8|   0|   64|         56|
    +----------------------------------+----+----+-----+-----------+
    |Total                             | 282|   0| 1188|        906|
    +----------------------------------+----+----+-----+-----------+



================================================================
== Interface
================================================================
* Summary: 
+---------------------+-----+-----+------------+----------------------+--------------+
|      RTL Ports      | Dir | Bits|  Protocol  |     Source Object    |    C Type    |
+---------------------+-----+-----+------------+----------------------+--------------+
|ap_clk               |  in |    1| ap_ctrl_hs | load_and_rearrange_q | return value |
|ap_rst               |  in |    1| ap_ctrl_hs | load_and_rearrange_q | return value |
|ap_start             |  in |    1| ap_ctrl_hs | load_and_rearrange_q | return value |
|ap_done              | out |    1| ap_ctrl_hs | load_and_rearrange_q | return value |
|ap_idle              | out |    1| ap_ctrl_hs | load_and_rearrange_q | return value |
|ap_ready             | out |    1| ap_ctrl_hs | load_and_rearrange_q | return value |
|input_data_address0  | out |   14|  ap_memory |      input_data      |     array    |
|input_data_ce0       | out |    1|  ap_memory |      input_data      |     array    |
|input_data_q0        |  in |   32|  ap_memory |      input_data      |     array    |
|input_data_address1  | out |   14|  ap_memory |      input_data      |     array    |
|input_data_ce1       | out |    1|  ap_memory |      input_data      |     array    |
|input_data_q1        |  in |   32|  ap_memory |      input_data      |     array    |
|Q_0_address0         | out |   10|  ap_memory |          Q_0         |     array    |
|Q_0_ce0              | out |    1|  ap_memory |          Q_0         |     array    |
|Q_0_we0              | out |    1|  ap_memory |          Q_0         |     array    |
|Q_0_d0               | out |   32|  ap_memory |          Q_0         |     array    |
|Q_0_address1         | out |   10|  ap_memory |          Q_0         |     array    |
|Q_0_ce1              | out |    1|  ap_memory |          Q_0         |     array    |
|Q_0_we1              | out |    1|  ap_memory |          Q_0         |     array    |
|Q_0_d1               | out |   32|  ap_memory |          Q_0         |     array    |
|Q_1_address0         | out |   10|  ap_memory |          Q_1         |     array    |
|Q_1_ce0              | out |    1|  ap_memory |          Q_1         |     array    |
|Q_1_we0              | out |    1|  ap_memory |          Q_1         |     array    |
|Q_1_d0               | out |   32|  ap_memory |          Q_1         |     array    |
|Q_1_address1         | out |   10|  ap_memory |          Q_1         |     array    |
|Q_1_ce1              | out |    1|  ap_memory |          Q_1         |     array    |
|Q_1_we1              | out |    1|  ap_memory |          Q_1         |     array    |
|Q_1_d1               | out |   32|  ap_memory |          Q_1         |     array    |
|Q_2_address0         | out |   10|  ap_memory |          Q_2         |     array    |
|Q_2_ce0              | out |    1|  ap_memory |          Q_2         |     array    |
|Q_2_we0              | out |    1|  ap_memory |          Q_2         |     array    |
|Q_2_d0               | out |   32|  ap_memory |          Q_2         |     array    |
|Q_2_address1         | out |   10|  ap_memory |          Q_2         |     array    |
|Q_2_ce1              | out |    1|  ap_memory |          Q_2         |     array    |
|Q_2_we1              | out |    1|  ap_memory |          Q_2         |     array    |
|Q_2_d1               | out |   32|  ap_memory |          Q_2         |     array    |
|Q_3_address0         | out |   10|  ap_memory |          Q_3         |     array    |
|Q_3_ce0              | out |    1|  ap_memory |          Q_3         |     array    |
|Q_3_we0              | out |    1|  ap_memory |          Q_3         |     array    |
|Q_3_d0               | out |   32|  ap_memory |          Q_3         |     array    |
|Q_3_address1         | out |   10|  ap_memory |          Q_3         |     array    |
|Q_3_ce1              | out |    1|  ap_memory |          Q_3         |     array    |
|Q_3_we1              | out |    1|  ap_memory |          Q_3         |     array    |
|Q_3_d1               | out |   32|  ap_memory |          Q_3         |     array    |
|K_0_address0         | out |   10|  ap_memory |          K_0         |     array    |
|K_0_ce0              | out |    1|  ap_memory |          K_0         |     array    |
|K_0_we0              | out |    1|  ap_memory |          K_0         |     array    |
|K_0_d0               | out |   32|  ap_memory |          K_0         |     array    |
|K_0_address1         | out |   10|  ap_memory |          K_0         |     array    |
|K_0_ce1              | out |    1|  ap_memory |          K_0         |     array    |
|K_0_we1              | out |    1|  ap_memory |          K_0         |     array    |
|K_0_d1               | out |   32|  ap_memory |          K_0         |     array    |
|K_1_address0         | out |   10|  ap_memory |          K_1         |     array    |
|K_1_ce0              | out |    1|  ap_memory |          K_1         |     array    |
|K_1_we0              | out |    1|  ap_memory |          K_1         |     array    |
|K_1_d0               | out |   32|  ap_memory |          K_1         |     array    |
|K_1_address1         | out |   10|  ap_memory |          K_1         |     array    |
|K_1_ce1              | out |    1|  ap_memory |          K_1         |     array    |
|K_1_we1              | out |    1|  ap_memory |          K_1         |     array    |
|K_1_d1               | out |   32|  ap_memory |          K_1         |     array    |
|K_2_address0         | out |   10|  ap_memory |          K_2         |     array    |
|K_2_ce0              | out |    1|  ap_memory |          K_2         |     array    |
|K_2_we0              | out |    1|  ap_memory |          K_2         |     array    |
|K_2_d0               | out |   32|  ap_memory |          K_2         |     array    |
|K_2_address1         | out |   10|  ap_memory |          K_2         |     array    |
|K_2_ce1              | out |    1|  ap_memory |          K_2         |     array    |
|K_2_we1              | out |    1|  ap_memory |          K_2         |     array    |
|K_2_d1               | out |   32|  ap_memory |          K_2         |     array    |
|K_3_address0         | out |   10|  ap_memory |          K_3         |     array    |
|K_3_ce0              | out |    1|  ap_memory |          K_3         |     array    |
|K_3_we0              | out |    1|  ap_memory |          K_3         |     array    |
|K_3_d0               | out |   32|  ap_memory |          K_3         |     array    |
|K_3_address1         | out |   10|  ap_memory |          K_3         |     array    |
|K_3_ce1              | out |    1|  ap_memory |          K_3         |     array    |
|K_3_we1              | out |    1|  ap_memory |          K_3         |     array    |
|K_3_d1               | out |   32|  ap_memory |          K_3         |     array    |
|V_0_address0         | out |   10|  ap_memory |          V_0         |     array    |
|V_0_ce0              | out |    1|  ap_memory |          V_0         |     array    |
|V_0_we0              | out |    1|  ap_memory |          V_0         |     array    |
|V_0_d0               | out |   32|  ap_memory |          V_0         |     array    |
|V_0_address1         | out |   10|  ap_memory |          V_0         |     array    |
|V_0_ce1              | out |    1|  ap_memory |          V_0         |     array    |
|V_0_we1              | out |    1|  ap_memory |          V_0         |     array    |
|V_0_d1               | out |   32|  ap_memory |          V_0         |     array    |
|V_1_address0         | out |   10|  ap_memory |          V_1         |     array    |
|V_1_ce0              | out |    1|  ap_memory |          V_1         |     array    |
|V_1_we0              | out |    1|  ap_memory |          V_1         |     array    |
|V_1_d0               | out |   32|  ap_memory |          V_1         |     array    |
|V_1_address1         | out |   10|  ap_memory |          V_1         |     array    |
|V_1_ce1              | out |    1|  ap_memory |          V_1         |     array    |
|V_1_we1              | out |    1|  ap_memory |          V_1         |     array    |
|V_1_d1               | out |   32|  ap_memory |          V_1         |     array    |
|V_2_address0         | out |   10|  ap_memory |          V_2         |     array    |
|V_2_ce0              | out |    1|  ap_memory |          V_2         |     array    |
|V_2_we0              | out |    1|  ap_memory |          V_2         |     array    |
|V_2_d0               | out |   32|  ap_memory |          V_2         |     array    |
|V_2_address1         | out |   10|  ap_memory |          V_2         |     array    |
|V_2_ce1              | out |    1|  ap_memory |          V_2         |     array    |
|V_2_we1              | out |    1|  ap_memory |          V_2         |     array    |
|V_2_d1               | out |   32|  ap_memory |          V_2         |     array    |
|V_3_address0         | out |   10|  ap_memory |          V_3         |     array    |
|V_3_ce0              | out |    1|  ap_memory |          V_3         |     array    |
|V_3_we0              | out |    1|  ap_memory |          V_3         |     array    |
|V_3_d0               | out |   32|  ap_memory |          V_3         |     array    |
|V_3_address1         | out |   10|  ap_memory |          V_3         |     array    |
|V_3_ce1              | out |    1|  ap_memory |          V_3         |     array    |
|V_3_we1              | out |    1|  ap_memory |          V_3         |     array    |
|V_3_d1               | out |   32|  ap_memory |          V_3         |     array    |
+---------------------+-----+-----+------------+----------------------+--------------+

